2024-02-01T14:53:08.756+01:00  INFO 45675 --- [main] com.etxo.bank_app.BankAppApplication     : Starting BankAppApplication using Java 17.0.9 with PID 45675 (/home/etxo/TelRan/bank_app/target/classes started by etxo in /home/etxo/TelRan/bank_app)
2024-02-01T14:53:08.763+01:00  INFO 45675 --- [main] com.etxo.bank_app.BankAppApplication     : No active profile set, falling back to 1 default profile: "default"
2024-02-01T14:53:09.762+01:00  INFO 45675 --- [main] .s.d.r.c.RepositoryConfigurationDelegate : Bootstrapping Spring Data JPA repositories in DEFAULT mode.
2024-02-01T14:53:09.840+01:00  INFO 45675 --- [main] .s.d.r.c.RepositoryConfigurationDelegate : Finished Spring Data repository scanning in 71 ms. Found 6 JPA repository interfaces.
2024-02-01T14:53:10.723+01:00  INFO 45675 --- [main] o.s.b.w.embedded.tomcat.TomcatWebServer  : Tomcat initialized with port 8080 (http)
2024-02-01T14:53:10.732+01:00  INFO 45675 --- [main] o.apache.catalina.core.StandardService   : Starting service [Tomcat]
2024-02-01T14:53:10.733+01:00  INFO 45675 --- [main] o.apache.catalina.core.StandardEngine    : Starting Servlet engine: [Apache Tomcat/10.1.16]
2024-02-01T14:53:10.786+01:00  INFO 45675 --- [main] o.a.c.c.C.[Tomcat].[localhost].[/]       : Initializing Spring embedded WebApplicationContext
2024-02-01T14:53:10.786+01:00  INFO 45675 --- [main] w.s.c.ServletWebServerApplicationContext : Root WebApplicationContext: initialization completed in 1976 ms
2024-02-01T14:53:10.859+01:00  INFO 45675 --- [main] com.zaxxer.hikari.HikariDataSource       : HikariPool-1 - Starting...
2024-02-01T14:53:11.099+01:00  INFO 45675 --- [main] com.zaxxer.hikari.pool.HikariPool        : HikariPool-1 - Added connection conn0: url=jdbc:h2:mem:db_bank user=ETXO
2024-02-01T14:53:11.101+01:00  INFO 45675 --- [main] com.zaxxer.hikari.HikariDataSource       : HikariPool-1 - Start completed.
2024-02-01T14:53:11.118+01:00  INFO 45675 --- [main] o.s.b.a.h2.H2ConsoleAutoConfiguration    : H2 console available at '/h2-console'. Database available at 'jdbc:h2:mem:db_bank'
2024-02-01T14:53:11.295+01:00  INFO 45675 --- [main] o.hibernate.jpa.internal.util.LogHelper  : HHH000204: Processing PersistenceUnitInfo [name: default]
2024-02-01T14:53:11.358+01:00  INFO 45675 --- [main] org.hibernate.Version                    : HHH000412: Hibernate ORM core version 6.3.1.Final
2024-02-01T14:53:11.396+01:00  INFO 45675 --- [main] o.h.c.internal.RegionFactoryInitiator    : HHH000026: Second-level cache disabled
2024-02-01T14:53:11.628+01:00  INFO 45675 --- [main] o.s.o.j.p.SpringPersistenceUnitInfo      : No LoadTimeWeaver setup: ignoring JPA class transformer
2024-02-01T14:53:11.675+01:00  WARN 45675 --- [main] org.hibernate.orm.deprecation            : HHH90000025: H2Dialect does not need to be specified explicitly using 'hibernate.dialect' (remove the property setting and it will be selected by default)
2024-02-01T14:53:12.645+01:00  INFO 45675 --- [main] o.h.e.t.j.p.i.JtaPlatformInitiator       : HHH000489: No JTA platform available (set 'hibernate.transaction.jta.platform' to enable JTA platform integration)
2024-02-01T14:53:12.717+01:00  INFO 45675 --- [main] j.LocalContainerEntityManagerFactoryBean : Initialized JPA EntityManagerFactory for persistence unit 'default'
2024-02-01T14:53:13.484+01:00  INFO 45675 --- [main] o.s.d.j.r.query.QueryEnhancerFactory     : Hibernate is in classpath; If applicable, HQL parser will be used.
2024-02-01T14:53:14.819+01:00  WARN 45675 --- [main] JpaBaseConfiguration$JpaWebConfiguration : spring.jpa.open-in-view is enabled by default. Therefore, database queries may be performed during view rendering. Explicitly configure spring.jpa.open-in-view to disable this warning
2024-02-01T14:53:15.532+01:00  INFO 45675 --- [main] o.s.s.web.DefaultSecurityFilterChain     : Will secure any request with [org.springframework.security.web.session.DisableEncodeUrlFilter@2ea82cef, org.springframework.security.web.context.request.async.WebAsyncManagerIntegrationFilter@7fda0e30, org.springframework.security.web.context.SecurityContextHolderFilter@5dbd7f00, org.springframework.security.web.header.HeaderWriterFilter@655e024, org.springframework.web.filter.CorsFilter@3a516e4d, org.springframework.security.web.authentication.logout.LogoutFilter@56b4951a, com.etxo.bank_app.security.config.JwtAuthFilter@3a22d69f, org.springframework.security.web.savedrequest.RequestCacheAwareFilter@138c2ba, org.springframework.security.web.servletapi.SecurityContextHolderAwareRequestFilter@4dba2d07, org.springframework.security.web.authentication.AnonymousAuthenticationFilter@6faa24, org.springframework.security.web.session.SessionManagementFilter@4b45016d, org.springframework.security.web.access.ExceptionTranslationFilter@4263fbe8, org.springframework.security.web.access.intercept.AuthorizationFilter@5d8319a7]
2024-02-01T14:53:16.234+01:00  INFO 45675 --- [main] o.s.b.w.embedded.tomcat.TomcatWebServer  : Tomcat started on port 8080 (http) with context path ''
2024-02-01T14:53:16.244+01:00  INFO 45675 --- [main] com.etxo.bank_app.BankAppApplication     : Started BankAppApplication in 8.075 seconds (process running for 8.886)
2024-02-01T14:53:31.624+01:00  INFO 45675 --- [http-nio-8080-exec-1] o.a.c.c.C.[Tomcat].[localhost].[/]       : Initializing Spring DispatcherServlet 'dispatcherServlet'
2024-02-01T14:53:31.625+01:00  INFO 45675 --- [http-nio-8080-exec-1] o.s.web.servlet.DispatcherServlet        : Initializing Servlet 'dispatcherServlet'
2024-02-01T14:53:31.627+01:00  INFO 45675 --- [http-nio-8080-exec-1] o.s.web.servlet.DispatcherServlet        : Completed initialization in 2 ms
2024-02-01T14:53:31.638+01:00  WARN 45675 --- [http-nio-8080-exec-1] o.s.w.s.h.HandlerMappingIntrospector     : Cache miss for REQUEST dispatch to '/swagger-ui/index.html' (previous null). Performing CorsConfiguration lookup. This is logged once only at WARN level, and every time at TRACE.
2024-02-01T14:53:31.648+01:00  WARN 45675 --- [http-nio-8080-exec-1] o.s.w.s.h.HandlerMappingIntrospector     : Cache miss for REQUEST dispatch to '/swagger-ui/index.html' (previous null). Performing MatchableHandlerMapping lookup. This is logged once only at WARN level, and every time at TRACE.
2024-02-01T14:53:32.642+01:00  INFO 45675 --- [http-nio-8080-exec-9] o.springdoc.api.AbstractOpenApiResource  : Init duration for springdoc-openapi is: 523 ms
2024-02-01T15:09:29.641+01:00  INFO 45675 --- [SpringApplicationShutdownHook] j.LocalContainerEntityManagerFactoryBean : Closing JPA EntityManagerFactory for persistence unit 'default'
2024-02-01T15:09:29.648+01:00  INFO 45675 --- [SpringApplicationShutdownHook] com.zaxxer.hikari.HikariDataSource       : HikariPool-1 - Shutdown initiated...
2024-02-01T15:09:29.649+01:00  INFO 45675 --- [SpringApplicationShutdownHook] com.zaxxer.hikari.HikariDataSource       : HikariPool-1 - Shutdown completed.
