2024-01-13T13:05:35.074+01:00  INFO 30580 --- [main] com.etxo.bank_app.BankAppApplication     : Starting BankAppApplication using Java 17.0.9 with PID 30580 (/home/etxo/TelRan/bank_app/target/classes started by etxo in /home/etxo/TelRan/bank_app)
2024-01-13T13:05:35.077+01:00  INFO 30580 --- [main] com.etxo.bank_app.BankAppApplication     : No active profile set, falling back to 1 default profile: "default"
2024-01-13T13:05:35.889+01:00  INFO 30580 --- [main] .s.d.r.c.RepositoryConfigurationDelegate : Bootstrapping Spring Data JPA repositories in DEFAULT mode.
2024-01-13T13:05:35.948+01:00  INFO 30580 --- [main] .s.d.r.c.RepositoryConfigurationDelegate : Finished Spring Data repository scanning in 52 ms. Found 6 JPA repository interfaces.
2024-01-13T13:05:36.424+01:00  INFO 30580 --- [main] o.s.b.w.embedded.tomcat.TomcatWebServer  : Tomcat initialized with port 8080 (http)
2024-01-13T13:05:36.431+01:00  INFO 30580 --- [main] o.apache.catalina.core.StandardService   : Starting service [Tomcat]
2024-01-13T13:05:36.432+01:00  INFO 30580 --- [main] o.apache.catalina.core.StandardEngine    : Starting Servlet engine: [Apache Tomcat/10.1.16]
2024-01-13T13:05:36.473+01:00  INFO 30580 --- [main] o.a.c.c.C.[Tomcat].[localhost].[/]       : Initializing Spring embedded WebApplicationContext
2024-01-13T13:05:36.474+01:00  INFO 30580 --- [main] w.s.c.ServletWebServerApplicationContext : Root WebApplicationContext: initialization completed in 1353 ms
2024-01-13T13:05:36.507+01:00  INFO 30580 --- [main] com.zaxxer.hikari.HikariDataSource       : HikariPool-1 - Starting...
2024-01-13T13:05:36.662+01:00  INFO 30580 --- [main] com.zaxxer.hikari.pool.HikariPool        : HikariPool-1 - Added connection conn0: url=jdbc:h2:mem:db_bank user=ETXO
2024-01-13T13:05:36.663+01:00  INFO 30580 --- [main] com.zaxxer.hikari.HikariDataSource       : HikariPool-1 - Start completed.
2024-01-13T13:05:36.680+01:00  INFO 30580 --- [main] o.s.b.a.h2.H2ConsoleAutoConfiguration    : H2 console available at '/h2-console'. Database available at 'jdbc:h2:mem:db_bank'
2024-01-13T13:05:36.769+01:00  INFO 30580 --- [main] o.hibernate.jpa.internal.util.LogHelper  : HHH000204: Processing PersistenceUnitInfo [name: default]
2024-01-13T13:05:36.809+01:00  INFO 30580 --- [main] org.hibernate.Version                    : HHH000412: Hibernate ORM core version 6.3.1.Final
2024-01-13T13:05:36.836+01:00  INFO 30580 --- [main] o.h.c.internal.RegionFactoryInitiator    : HHH000026: Second-level cache disabled
2024-01-13T13:05:37.008+01:00  INFO 30580 --- [main] o.s.o.j.p.SpringPersistenceUnitInfo      : No LoadTimeWeaver setup: ignoring JPA class transformer
2024-01-13T13:05:37.037+01:00  WARN 30580 --- [main] org.hibernate.orm.deprecation            : HHH90000025: H2Dialect does not need to be specified explicitly using 'hibernate.dialect' (remove the property setting and it will be selected by default)
2024-01-13T13:05:37.775+01:00  INFO 30580 --- [main] o.h.e.t.j.p.i.JtaPlatformInitiator       : HHH000489: No JTA platform available (set 'hibernate.transaction.jta.platform' to enable JTA platform integration)
2024-01-13T13:05:37.828+01:00  INFO 30580 --- [main] j.LocalContainerEntityManagerFactoryBean : Initialized JPA EntityManagerFactory for persistence unit 'default'
2024-01-13T13:05:38.201+01:00  INFO 30580 --- [main] o.s.d.j.r.query.QueryEnhancerFactory     : Hibernate is in classpath; If applicable, HQL parser will be used.
2024-01-13T13:05:38.717+01:00  WARN 30580 --- [main] JpaBaseConfiguration$JpaWebConfiguration : spring.jpa.open-in-view is enabled by default. Therefore, database queries may be performed during view rendering. Explicitly configure spring.jpa.open-in-view to disable this warning
2024-01-13T13:05:38.985+01:00  INFO 30580 --- [main] o.s.s.web.DefaultSecurityFilterChain     : Will secure any request with [org.springframework.security.web.session.DisableEncodeUrlFilter@2976d625, org.springframework.security.web.context.request.async.WebAsyncManagerIntegrationFilter@693afcd1, org.springframework.security.web.context.SecurityContextHolderFilter@71f9f8ba, org.springframework.security.web.header.HeaderWriterFilter@2aaf7354, org.springframework.web.filter.CorsFilter@4bdd6fe0, org.springframework.security.web.authentication.logout.LogoutFilter@726e780a, com.etxo.bank_app.security.config.JwtAuthFilter@10664c3d, org.springframework.security.web.savedrequest.RequestCacheAwareFilter@3ea3b20d, org.springframework.security.web.servletapi.SecurityContextHolderAwareRequestFilter@5304cee, org.springframework.security.web.authentication.AnonymousAuthenticationFilter@3aaeb65b, org.springframework.security.web.session.SessionManagementFilter@56da2437, org.springframework.security.web.access.ExceptionTranslationFilter@2291fb1, org.springframework.security.web.access.intercept.AuthorizationFilter@7bd76b79]
2024-01-13T13:05:39.299+01:00  INFO 30580 --- [main] o.s.b.w.embedded.tomcat.TomcatWebServer  : Tomcat started on port 8080 (http) with context path ''
2024-01-13T13:05:39.309+01:00  INFO 30580 --- [main] com.etxo.bank_app.BankAppApplication     : Started BankAppApplication in 4.696 seconds (process running for 5.243)
2024-01-13T13:05:50.257+01:00  WARN 30580 --- [http-nio-8080-exec-1] o.s.w.s.h.HandlerMappingIntrospector     : Cache miss for REQUEST dispatch to '/h2-console/' (previous null). Performing CorsConfiguration lookup. This is logged once only at WARN level, and every time at TRACE.
2024-01-13T13:05:50.497+01:00  INFO 30580 --- [http-nio-8080-exec-5] o.a.c.c.C.[Tomcat].[localhost].[/]       : Initializing Spring DispatcherServlet 'dispatcherServlet'
2024-01-13T13:05:50.498+01:00  INFO 30580 --- [http-nio-8080-exec-5] o.s.web.servlet.DispatcherServlet        : Initializing Servlet 'dispatcherServlet'
2024-01-13T13:05:50.499+01:00  INFO 30580 --- [http-nio-8080-exec-5] o.s.web.servlet.DispatcherServlet        : Completed initialization in 1 ms
2024-01-13T13:05:50.501+01:00  WARN 30580 --- [http-nio-8080-exec-5] o.s.w.s.h.HandlerMappingIntrospector     : Cache miss for REQUEST dispatch to '/favicon.ico' (previous null). Performing MatchableHandlerMapping lookup. This is logged once only at WARN level, and every time at TRACE.
2024-01-13T13:06:37.451+01:00  INFO 30580 --- [SpringApplicationShutdownHook] j.LocalContainerEntityManagerFactoryBean : Closing JPA EntityManagerFactory for persistence unit 'default'
2024-01-13T13:06:37.457+01:00  INFO 30580 --- [SpringApplicationShutdownHook] com.zaxxer.hikari.HikariDataSource       : HikariPool-1 - Shutdown initiated...
2024-01-13T13:06:37.459+01:00  INFO 30580 --- [SpringApplicationShutdownHook] com.zaxxer.hikari.HikariDataSource       : HikariPool-1 - Shutdown completed.
2024-01-13T13:07:02.074+01:00  INFO 31006 --- [main] c.e.b.reposi.ClientRepositoryTest        : Starting ClientRepositoryTest using Java 17.0.9 with PID 31006 (started by etxo in /home/etxo/TelRan/bank_app)
2024-01-13T13:07:02.075+01:00  INFO 31006 --- [main] c.e.b.reposi.ClientRepositoryTest        : No active profile set, falling back to 1 default profile: "default"
2024-01-13T13:07:02.506+01:00  INFO 31006 --- [main] .s.d.r.c.RepositoryConfigurationDelegate : Bootstrapping Spring Data JPA repositories in DEFAULT mode.
2024-01-13T13:07:02.596+01:00  INFO 31006 --- [main] .s.d.r.c.RepositoryConfigurationDelegate : Finished Spring Data repository scanning in 80 ms. Found 6 JPA repository interfaces.
2024-01-13T13:07:02.660+01:00  INFO 31006 --- [main] beddedDataSourceBeanFactoryPostProcessor : Replacing 'dataSource' DataSource bean with embedded version
2024-01-13T13:07:02.832+01:00  INFO 31006 --- [main] o.s.j.d.e.EmbeddedDatabaseFactory        : Starting embedded database: url='jdbc:h2:mem:0afe5e05-390e-4964-8ecd-b2d10adf72c0;DB_CLOSE_DELAY=-1;DB_CLOSE_ON_EXIT=false', username='sa'
2024-01-13T13:07:03.099+01:00  INFO 31006 --- [main] o.hibernate.jpa.internal.util.LogHelper  : HHH000204: Processing PersistenceUnitInfo [name: default]
2024-01-13T13:07:03.149+01:00  INFO 31006 --- [main] org.hibernate.Version                    : HHH000412: Hibernate ORM core version 6.3.1.Final
2024-01-13T13:07:03.177+01:00  INFO 31006 --- [main] o.h.c.internal.RegionFactoryInitiator    : HHH000026: Second-level cache disabled
2024-01-13T13:07:03.392+01:00  INFO 31006 --- [main] o.s.o.j.p.SpringPersistenceUnitInfo      : No LoadTimeWeaver setup: ignoring JPA class transformer
2024-01-13T13:07:03.445+01:00  WARN 31006 --- [main] org.hibernate.orm.deprecation            : HHH90000025: H2Dialect does not need to be specified explicitly using 'hibernate.dialect' (remove the property setting and it will be selected by default)
2024-01-13T13:07:04.350+01:00  INFO 31006 --- [main] o.h.e.t.j.p.i.JtaPlatformInitiator       : HHH000489: No JTA platform available (set 'hibernate.transaction.jta.platform' to enable JTA platform integration)
2024-01-13T13:07:04.409+01:00  INFO 31006 --- [main] j.LocalContainerEntityManagerFactoryBean : Initialized JPA EntityManagerFactory for persistence unit 'default'
2024-01-13T13:07:04.813+01:00  INFO 31006 --- [main] o.s.d.j.r.query.QueryEnhancerFactory     : Hibernate is in classpath; If applicable, HQL parser will be used.
2024-01-13T13:07:05.406+01:00  INFO 31006 --- [main] c.e.b.reposi.ClientRepositoryTest        : Started ClientRepositoryTest in 3.696 seconds (process running for 4.797)
2024-01-13T13:07:07.037+01:00  INFO 31006 --- [SpringApplicationShutdownHook] j.LocalContainerEntityManagerFactoryBean : Closing JPA EntityManagerFactory for persistence unit 'default'
